17/01/2016 21:20:37 (Std) 	+-+-+-+-+-+-+-+-+-+-+-+-+-+-+-+-+-+-+-+-+-+-+-+-+-+-+-+-+-+-+-+-+-+-+-+-+-+-+-+
17/01/2016 21:20:37 (Std) 	+                     Crazy Eddie's GUI System - Event log                    +
17/01/2016 21:20:37 (Std) 	+                          (http://www.cegui.org.uk/)                         +
17/01/2016 21:20:37 (Std) 	+-+-+-+-+-+-+-+-+-+-+-+-+-+-+-+-+-+-+-+-+-+-+-+-+-+-+-+-+-+-+-+-+-+-+-+-+-+-+-+

17/01/2016 21:20:37 (Std) 	CEGUI::Logger singleton created. (06A9B770)
17/01/2016 21:20:37 (Std) 	
17/01/2016 21:20:37 (Std) 	********************************************************************************
17/01/2016 21:20:37 (Std) 	* Important:                                                                   *
17/01/2016 21:20:37 (Std) 	*     To get support at the CEGUI forums, you must post _at least_ the section *
17/01/2016 21:20:37 (Std) 	*     of this log file indicated below.  Failure to do this will result in no  *
17/01/2016 21:20:37 (Std) 	*     support being given; please do not waste our time.                       *
17/01/2016 21:20:37 (Std) 	********************************************************************************
17/01/2016 21:20:37 (Std) 	********************************************************************************
17/01/2016 21:20:37 (Std) 	* -------- START OF ESSENTIAL SECTION TO BE POSTED ON THE FORUM       -------- *
17/01/2016 21:20:37 (Std) 	********************************************************************************
17/01/2016 21:20:37 (Std) 	---- Version: 0.8.4 (Build: Oct 11 2015 Debug Microsoft Windows MSVC++ Great Scott! 32 bit) ----
17/01/2016 21:20:37 (Std) 	---- Renderer module is: CEGUI::OpenGL3Renderer - Official OpenGL 3.2 core based renderer module.  TextureTarget support enabled via FBO OGL 3.2 core implementation. ----
17/01/2016 21:20:37 (Std) 	---- XML Parser module is: CEGUI::ExpatParser - Official expat based parser module for CEGUI ----
17/01/2016 21:20:37 (Std) 	---- Image Codec module is: SILLYImageCodec - Official SILLY based image codec ----
17/01/2016 21:20:37 (Std) 	---- Scripting module is: None ----
17/01/2016 21:20:37 (Std) 	********************************************************************************
17/01/2016 21:20:37 (Std) 	* -------- END OF ESSENTIAL SECTION TO BE POSTED ON THE FORUM         -------- *
17/01/2016 21:20:37 (Std) 	********************************************************************************
17/01/2016 21:20:37 (Std) 	
17/01/2016 21:20:37 (Std) 	---- Begining CEGUI System initialisation ----
17/01/2016 21:20:37 (Std) 	[CEGUI::ImageManager] Singleton created (006FD9D0)
17/01/2016 21:20:37 (Std) 	[CEGUI::ImageManager] Registered Image type: BasicImage
17/01/2016 21:20:37 (Std) 	CEGUI::FontManager singleton created. (00692D78)
17/01/2016 21:20:37 (Std) 	CEGUI::WindowFactoryManager singleton created
17/01/2016 21:20:37 (Std) 	CEGUI::WindowManager singleton created (00661078)
17/01/2016 21:20:37 (Std) 	CEGUI::SchemeManager singleton created. (06A96EE0)
17/01/2016 21:20:37 (Std) 	CEGUI::GlobalEventSet singleton created. (06A89320)
17/01/2016 21:20:37 (Std) 	CEGUI::AnimationManager singleton created (006BA5C8)
17/01/2016 21:20:37 (Std) 	CEGUI::WidgetLookManager singleton created. (00656CE8)
17/01/2016 21:20:37 (Std) 	CEGUI::WindowRendererManager singleton created (00656D28)
17/01/2016 21:20:37 (Std) 	CEGUI::RenderEffectManager singleton created (06A88BD0)
17/01/2016 21:20:37 (Std) 	Created WindowFactory for 'DefaultWindow' windows.
17/01/2016 21:20:37 (Std) 	WindowFactory for 'DefaultWindow' windows added. (06A8FC08)
17/01/2016 21:20:37 (Std) 	Created WindowFactory for 'DragContainer' windows.
17/01/2016 21:20:37 (Std) 	WindowFactory for 'DragContainer' windows added. (06A90248)
17/01/2016 21:20:37 (Std) 	Created WindowFactory for 'ScrolledContainer' windows.
17/01/2016 21:20:37 (Std) 	WindowFactory for 'ScrolledContainer' windows added. (06A90310)
17/01/2016 21:20:37 (Std) 	Created WindowFactory for 'ClippedContainer' windows.
17/01/2016 21:20:37 (Std) 	WindowFactory for 'ClippedContainer' windows added. (06A90568)
17/01/2016 21:20:37 (Std) 	Created WindowFactory for 'CEGUI/PushButton' windows.
17/01/2016 21:20:37 (Std) 	WindowFactory for 'CEGUI/PushButton' windows added. (06A903D8)
17/01/2016 21:20:37 (Std) 	Created WindowFactory for 'CEGUI/RadioButton' windows.
17/01/2016 21:20:37 (Std) 	WindowFactory for 'CEGUI/RadioButton' windows added. (06A90950)
17/01/2016 21:20:37 (Std) 	Created WindowFactory for 'CEGUI/Combobox' windows.
17/01/2016 21:20:37 (Std) 	WindowFactory for 'CEGUI/Combobox' windows added. (06A8FF28)
17/01/2016 21:20:37 (Std) 	Created WindowFactory for 'CEGUI/ComboDropList' windows.
17/01/2016 21:20:37 (Std) 	WindowFactory for 'CEGUI/ComboDropList' windows added. (06A8FCD0)
17/01/2016 21:20:37 (Std) 	Created WindowFactory for 'CEGUI/Editbox' windows.
17/01/2016 21:20:37 (Std) 	WindowFactory for 'CEGUI/Editbox' windows added. (06A8FB40)
17/01/2016 21:20:37 (Std) 	Created WindowFactory for 'CEGUI/FrameWindow' windows.
17/01/2016 21:20:37 (Std) 	WindowFactory for 'CEGUI/FrameWindow' windows added. (06A904A0)
17/01/2016 21:20:37 (Std) 	Created WindowFactory for 'CEGUI/ItemEntry' windows.
17/01/2016 21:20:37 (Std) 	WindowFactory for 'CEGUI/ItemEntry' windows added. (06A900B8)
17/01/2016 21:20:37 (Std) 	Created WindowFactory for 'CEGUI/Listbox' windows.
17/01/2016 21:20:37 (Std) 	WindowFactory for 'CEGUI/Listbox' windows added. (06A8FFF0)
17/01/2016 21:20:37 (Std) 	Created WindowFactory for 'CEGUI/ListHeader' windows.
17/01/2016 21:20:37 (Std) 	WindowFactory for 'CEGUI/ListHeader' windows added. (06A90180)
17/01/2016 21:20:37 (Std) 	Created WindowFactory for 'CEGUI/ListHeaderSegment' windows.
17/01/2016 21:20:37 (Std) 	WindowFactory for 'CEGUI/ListHeaderSegment' windows added. (06A95110)
17/01/2016 21:20:37 (Std) 	Created WindowFactory for 'CEGUI/Menubar' windows.
17/01/2016 21:20:37 (Std) 	WindowFactory for 'CEGUI/Menubar' windows added. (06A94C60)
17/01/2016 21:20:37 (Std) 	Created WindowFactory for 'CEGUI/PopupMenu' windows.
17/01/2016 21:20:37 (Std) 	WindowFactory for 'CEGUI/PopupMenu' windows added. (06A94A08)
17/01/2016 21:20:37 (Std) 	Created WindowFactory for 'CEGUI/MenuItem' windows.
17/01/2016 21:20:37 (Std) 	WindowFactory for 'CEGUI/MenuItem' windows added. (06A951D8)
17/01/2016 21:20:37 (Std) 	Created WindowFactory for 'CEGUI/MultiColumnList' windows.
17/01/2016 21:20:37 (Std) 	WindowFactory for 'CEGUI/MultiColumnList' windows added. (06A954F8)
17/01/2016 21:20:37 (Std) 	Created WindowFactory for 'CEGUI/MultiLineEditbox' windows.
17/01/2016 21:20:37 (Std) 	WindowFactory for 'CEGUI/MultiLineEditbox' windows added. (06A95368)
17/01/2016 21:20:37 (Std) 	Created WindowFactory for 'CEGUI/ProgressBar' windows.
17/01/2016 21:20:37 (Std) 	WindowFactory for 'CEGUI/ProgressBar' windows added. (06A95430)
17/01/2016 21:20:37 (Std) 	Created WindowFactory for 'CEGUI/ScrollablePane' windows.
17/01/2016 21:20:37 (Std) 	WindowFactory for 'CEGUI/ScrollablePane' windows added. (06A94EB8)
17/01/2016 21:20:37 (Std) 	Created WindowFactory for 'CEGUI/Scrollbar' windows.
17/01/2016 21:20:37 (Std) 	WindowFactory for 'CEGUI/Scrollbar' windows added. (06A952A0)
17/01/2016 21:20:37 (Std) 	Created WindowFactory for 'CEGUI/Slider' windows.
17/01/2016 21:20:37 (Std) 	WindowFactory for 'CEGUI/Slider' windows added. (06A94AD0)
17/01/2016 21:20:37 (Std) 	Created WindowFactory for 'CEGUI/Spinner' windows.
17/01/2016 21:20:37 (Std) 	WindowFactory for 'CEGUI/Spinner' windows added. (06A958E0)
17/01/2016 21:20:37 (Std) 	Created WindowFactory for 'CEGUI/TabButton' windows.
17/01/2016 21:20:37 (Std) 	WindowFactory for 'CEGUI/TabButton' windows added. (06A94B98)
17/01/2016 21:20:37 (Std) 	Created WindowFactory for 'CEGUI/TabControl' windows.
17/01/2016 21:20:37 (Std) 	WindowFactory for 'CEGUI/TabControl' windows added. (06A955C0)
17/01/2016 21:20:37 (Std) 	Created WindowFactory for 'CEGUI/Thumb' windows.
17/01/2016 21:20:37 (Std) 	WindowFactory for 'CEGUI/Thumb' windows added. (06A95688)
17/01/2016 21:20:37 (Std) 	Created WindowFactory for 'CEGUI/Titlebar' windows.
17/01/2016 21:20:37 (Std) 	WindowFactory for 'CEGUI/Titlebar' windows added. (06A95750)
17/01/2016 21:20:37 (Std) 	Created WindowFactory for 'CEGUI/ToggleButton' windows.
17/01/2016 21:20:37 (Std) 	WindowFactory for 'CEGUI/ToggleButton' windows added. (06A95818)
17/01/2016 21:20:37 (Std) 	Created WindowFactory for 'CEGUI/Tooltip' windows.
17/01/2016 21:20:37 (Std) 	WindowFactory for 'CEGUI/Tooltip' windows added. (06A94D28)
17/01/2016 21:20:37 (Std) 	Created WindowFactory for 'CEGUI/ItemListbox' windows.
17/01/2016 21:20:37 (Std) 	WindowFactory for 'CEGUI/ItemListbox' windows added. (06A94DF0)
17/01/2016 21:20:37 (Std) 	Created WindowFactory for 'CEGUI/GroupBox' windows.
17/01/2016 21:20:37 (Std) 	WindowFactory for 'CEGUI/GroupBox' windows added. (06A94F80)
17/01/2016 21:20:37 (Std) 	Created WindowFactory for 'CEGUI/Tree' windows.
17/01/2016 21:20:37 (Std) 	WindowFactory for 'CEGUI/Tree' windows added. (06A95048)
17/01/2016 21:20:37 (Std) 	Created WindowFactory for 'LayoutCell' windows.
17/01/2016 21:20:37 (Std) 	WindowFactory for 'LayoutCell' windows added. (06A9EA58)
17/01/2016 21:20:37 (Std) 	Created WindowFactory for 'HorizontalLayoutContainer' windows.
17/01/2016 21:20:37 (Std) 	WindowFactory for 'HorizontalLayoutContainer' windows added. (06A9F2F0)
17/01/2016 21:20:37 (Std) 	Created WindowFactory for 'VerticalLayoutContainer' windows.
17/01/2016 21:20:37 (Std) 	WindowFactory for 'VerticalLayoutContainer' windows added. (06A9F548)
17/01/2016 21:20:37 (Std) 	Created WindowFactory for 'GridLayoutContainer' windows.
17/01/2016 21:20:37 (Std) 	WindowFactory for 'GridLayoutContainer' windows added. (06A9E5A8)
17/01/2016 21:20:37 (Std) 	CEGUI::System singleton created. (06A9A038)
17/01/2016 21:20:37 (Std) 	---- CEGUI System initialisation completed ----
17/01/2016 21:20:37 (Std) 	
17/01/2016 21:20:37 (Std) 	Started creation of Scheme from XML specification:
17/01/2016 21:20:37 (Std) 	---- CEGUI GUIScheme name: TaharezLook
17/01/2016 21:20:37 (Std) 	[ImageManager] Started creation of Imageset from XML specification:
17/01/2016 21:20:37 (Std) 	[ImageManager] ---- CEGUI Imageset name: TaharezLook
17/01/2016 21:20:37 (Std) 	[ImageManager] ---- Source texture file: TaharezLook.png
17/01/2016 21:20:37 (Std) 	[ImageManager] ---- Source texture resource group: (Default)
17/01/2016 21:20:37 (Std) 	[OpenGLRenderer] Created texture: TaharezLook
17/01/2016 21:20:37 (Std) 	[ImageManager] Created image: 'TaharezLook/ClientBrush' (06AA1180) of type: BasicImage
17/01/2016 21:20:37 (Std) 	[ImageManager] Created image: 'TaharezLook/GenericBrush' (06A96738) of type: BasicImage
17/01/2016 21:20:37 (Std) 	[ImageManager] Created image: 'TaharezLook/WindowLeftEdge' (06AA1010) of type: BasicImage
17/01/2016 21:20:37 (Std) 	[ImageManager] Created image: 'TaharezLook/WindowRightEdge' (06AA1290) of type: BasicImage
17/01/2016 21:20:37 (Std) 	[ImageManager] Created image: 'TaharezLook/WindowTopEdge' (06AA13A0) of type: BasicImage
17/01/2016 21:20:37 (Std) 	[ImageManager] Created image: 'TaharezLook/WindowBottomEdge' (06AA14B0) of type: BasicImage
17/01/2016 21:20:37 (Std) 	[ImageManager] Created image: 'TaharezLook/WindowTopLeft' (06AA15C0) of type: BasicImage
17/01/2016 21:20:37 (Std) 	[ImageManager] Created image: 'TaharezLook/WindowTopRight' (06AC3DE0) of type: BasicImage
17/01/2016 21:20:37 (Std) 	[ImageManager] Created image: 'TaharezLook/WindowBottomLeft' (06AC3EF0) of type: BasicImage
17/01/2016 21:20:37 (Std) 	[ImageManager] Created image: 'TaharezLook/WindowBottomRight' (06AC4000) of type: BasicImage
17/01/2016 21:20:37 (Std) 	[ImageManager] Created image: 'TaharezLook/ButtonLeftNormal' (06AC4110) of type: BasicImage
17/01/2016 21:20:37 (Std) 	[ImageManager] Created image: 'TaharezLook/ButtonMiddleNormal' (06AC4220) of type: BasicImage
17/01/2016 21:20:37 (Std) 	[ImageManager] Created image: 'TaharezLook/ButtonRightNormal' (06AC4330) of type: BasicImage
17/01/2016 21:20:37 (Std) 	[ImageManager] Created image: 'TaharezLook/ButtonLeftPushed' (06AC4440) of type: BasicImage
17/01/2016 21:20:37 (Std) 	[ImageManager] Created image: 'TaharezLook/ButtonMiddlePushed' (06AAE288) of type: BasicImage
17/01/2016 21:20:37 (Std) 	[ImageManager] Created image: 'TaharezLook/ButtonRightPushed' (06AAE058) of type: BasicImage
17/01/2016 21:20:37 (Std) 	[ImageManager] Created image: 'TaharezLook/ButtonLeftHighlight' (06AAE800) of type: BasicImage
17/01/2016 21:20:37 (Std) 	[ImageManager] Created image: 'TaharezLook/ButtonMiddleHighlight' (06AADD10) of type: BasicImage
17/01/2016 21:20:37 (Std) 	[ImageManager] Created image: 'TaharezLook/ButtonRightHighlight' (06AAE3A0) of type: BasicImage
17/01/2016 21:20:37 (Std) 	[ImageManager] Created image: 'TaharezLook/CheckboxNormal' (06AAE5D0) of type: BasicImage
17/01/2016 21:20:37 (Std) 	[ImageManager] Created image: 'TaharezLook/CheckboxHover' (06AAE4B8) of type: BasicImage
17/01/2016 21:20:37 (Std) 	[ImageManager] Created image: 'TaharezLook/CheckboxMark' (06AAE6E8) of type: BasicImage
17/01/2016 21:20:37 (Std) 	[ImageManager] Created image: 'TaharezLook/RadioButtonNormal' (06AADE28) of type: BasicImage
17/01/2016 21:20:37 (Std) 	[ImageManager] Created image: 'TaharezLook/RadioButtonHover' (06AADF40) of type: BasicImage
17/01/2016 21:20:37 (Std) 	[ImageManager] Created image: 'TaharezLook/RadioButtonMark' (06AADBF8) of type: BasicImage
17/01/2016 21:20:37 (Std) 	[ImageManager] Created image: 'TaharezLook/TitlebarLeft' (06AAE170) of type: BasicImage
17/01/2016 21:20:37 (Std) 	[ImageManager] Created image: 'TaharezLook/TitlebarMiddle' (06AAD9C8) of type: BasicImage
17/01/2016 21:20:37 (Std) 	[ImageManager] Created image: 'TaharezLook/TitlebarRight' (06AADAE0) of type: BasicImage
17/01/2016 21:20:37 (Std) 	[ImageManager] Created image: 'TaharezLook/NewTitlebarLeft' (06AC52A0) of type: BasicImage
17/01/2016 21:20:37 (Std) 	[ImageManager] Created image: 'TaharezLook/NewTitlebarMiddle' (06AC6880) of type: BasicImage
17/01/2016 21:20:37 (Std) 	[ImageManager] Created image: 'TaharezLook/NewTitlebarRight' (06AC5FC0) of type: BasicImage
17/01/2016 21:20:37 (Std) 	[ImageManager] Created image: 'TaharezLook/SysAreaMiddle' (06AC5B60) of type: BasicImage
17/01/2016 21:20:37 (Std) 	[ImageManager] Created image: 'TaharezLook/SysAreaRight' (06AC5930) of type: BasicImage
17/01/2016 21:20:37 (Std) 	[ImageManager] Created image: 'TaharezLook/StaticLeft' (06AC4D28) of type: BasicImage
17/01/2016 21:20:37 (Std) 	[ImageManager] Created image: 'TaharezLook/StaticRight' (06AC5A48) of type: BasicImage
17/01/2016 21:20:37 (Std) 	[ImageManager] Created image: 'TaharezLook/StaticTop' (06AC5EA8) of type: BasicImage
17/01/2016 21:20:37 (Std) 	[ImageManager] Created image: 'TaharezLook/StaticBottom' (06AC6420) of type: BasicImage
17/01/2016 21:20:37 (Std) 	[ImageManager] Created image: 'TaharezLook/StaticTopLeft' (06AC6308) of type: BasicImage
17/01/2016 21:20:37 (Std) 	[ImageManager] Created image: 'TaharezLook/StaticTopRight' (06AC5C78) of type: BasicImage
17/01/2016 21:20:37 (Std) 	[ImageManager] Created image: 'TaharezLook/StaticBottomLeft' (06AC6538) of type: BasicImage
17/01/2016 21:20:37 (Std) 	[ImageManager] Created image: 'TaharezLook/StaticBottomRight' (06AC5D90) of type: BasicImage
17/01/2016 21:20:37 (Std) 	[ImageManager] Created image: 'TaharezLook/StaticBackdrop' (06AC6650) of type: BasicImage
17/01/2016 21:20:37 (Std) 	[ImageManager] Created image: 'TaharezLook/ProgressBarLeft' (06AC5070) of type: BasicImage
17/01/2016 21:20:37 (Std) 	[ImageManager] Created image: 'TaharezLook/ProgressBarMiddle' (06AC53B8) of type: BasicImage
17/01/2016 21:20:37 (Std) 	[ImageManager] Created image: 'TaharezLook/ProgressBarRight' (06AC6768) of type: BasicImage
17/01/2016 21:20:37 (Std) 	[ImageManager] Created image: 'TaharezLook/ProgressBarDimSegment' (06AC49E0) of type: BasicImage
17/01/2016 21:20:37 (Std) 	[ImageManager] Created image: 'TaharezLook/ProgressBarLitSegment' (06AC60D8) of type: BasicImage
17/01/2016 21:20:37 (Std) 	[ImageManager] Created image: 'TaharezLook/EditBoxLeft' (06AC54D0) of type: BasicImage
17/01/2016 21:20:37 (Std) 	[ImageManager] Created image: 'TaharezLook/EditBoxMiddle' (06AC5188) of type: BasicImage
17/01/2016 21:20:37 (Std) 	[ImageManager] Created image: 'TaharezLook/EditBoxRight' (06AC4E40) of type: BasicImage
17/01/2016 21:20:37 (Std) 	[ImageManager] Created image: 'TaharezLook/EditBoxCaret' (06AC4F58) of type: BasicImage
17/01/2016 21:20:37 (Std) 	[ImageManager] Created image: 'TaharezLook/SpinnerUpNormal' (06AC55E8) of type: BasicImage
17/01/2016 21:20:37 (Std) 	[ImageManager] Created image: 'TaharezLook/SpinnerDownNormal' (06AC61F0) of type: BasicImage
17/01/2016 21:20:37 (Std) 	[ImageManager] Created image: 'TaharezLook/SpinnerUpHover' (06AC5700) of type: BasicImage
17/01/2016 21:20:37 (Std) 	[ImageManager] Created image: 'TaharezLook/SpinnerDownHover' (06AC5818) of type: BasicImage
17/01/2016 21:20:37 (Std) 	[ImageManager] Created image: 'TaharezLook/TextSelectionBrush' (06AC4AF8) of type: BasicImage
17/01/2016 21:20:37 (Std) 	[ImageManager] Created image: 'TaharezLook/VertScrollTop' (06AC4C10) of type: BasicImage
17/01/2016 21:20:37 (Std) 	[ImageManager] Created image: 'TaharezLook/VertScrollMiddle' (06ACBA00) of type: BasicImage
17/01/2016 21:20:37 (Std) 	[ImageManager] Created image: 'TaharezLook/VertScrollBottom' (06ACCC98) of type: BasicImage
17/01/2016 21:20:37 (Std) 	[ImageManager] Created image: 'TaharezLook/VertScrollBarSegment' (06ACC720) of type: BasicImage
17/01/2016 21:20:37 (Std) 	[ImageManager] Created image: 'TaharezLook/VertScrollThumbNormal' (06ACCB80) of type: BasicImage
17/01/2016 21:20:37 (Std) 	[ImageManager] Created image: 'TaharezLook/VertScrollThumbHover' (06ACBB18) of type: BasicImage
17/01/2016 21:20:37 (Std) 	[ImageManager] Created image: 'TaharezLook/VertScrollUpNormal' (06ACBC30) of type: BasicImage
17/01/2016 21:20:37 (Std) 	[ImageManager] Created image: 'TaharezLook/VertScrollDownNormal' (06ACBD48) of type: BasicImage
17/01/2016 21:20:37 (Std) 	[ImageManager] Created image: 'TaharezLook/VertScrollUpHover' (06ACC838) of type: BasicImage
17/01/2016 21:20:37 (Std) 	[ImageManager] Created image: 'TaharezLook/VertScrollDownHover' (06ACC1A8) of type: BasicImage
17/01/2016 21:20:37 (Std) 	[ImageManager] Created image: 'TaharezLook/MiniVertScrollBarSegment' (06ACCEC8) of type: BasicImage
17/01/2016 21:20:37 (Std) 	[ImageManager] Created image: 'TaharezLook/MiniVertScrollThumbNormal' (06ACBE60) of type: BasicImage
17/01/2016 21:20:37 (Std) 	[ImageManager] Created image: 'TaharezLook/MiniVertScrollThumbTopNormal' (06ACD788) of type: BasicImage
17/01/2016 21:20:37 (Std) 	[ImageManager] Created image: 'TaharezLook/MiniVertScrollThumbMiddleNormal' (06ACD440) of type: BasicImage
17/01/2016 21:20:37 (Std) 	[ImageManager] Created image: 'TaharezLook/MiniVertScrollThumbBottomNormal' (06ACD8A0) of type: BasicImage
17/01/2016 21:20:37 (Std) 	[ImageManager] Created image: 'TaharezLook/MiniVertScrollThumbTopHover' (06ACC950) of type: BasicImage
17/01/2016 21:20:37 (Std) 	[ImageManager] Created image: 'TaharezLook/MiniVertScrollThumbMiddleHover' (06ACC090) of type: BasicImage
17/01/2016 21:20:37 (Std) 	[ImageManager] Created image: 'TaharezLook/MiniVertScrollThumbBottomHover' (06ACC2C0) of type: BasicImage
17/01/2016 21:20:37 (Std) 	[ImageManager] Created image: 'TaharezLook/MiniVertScrollThumbHover' (06ACBF78) of type: BasicImage
17/01/2016 21:20:37 (Std) 	[ImageManager] Created image: 'TaharezLook/MiniVertScrollUpNormal' (06ACC3D8) of type: BasicImage
17/01/2016 21:20:37 (Std) 	[ImageManager] Created image: 'TaharezLook/MiniVertScrollDownNormal' (06ACD328) of type: BasicImage
17/01/2016 21:20:37 (Std) 	[ImageManager] Created image: 'TaharezLook/MiniVertScrollUpHover' (06ACC4F0) of type: BasicImage
17/01/2016 21:20:37 (Std) 	[ImageManager] Created image: 'TaharezLook/MiniVertScrollDownHover' (06ACCDB0) of type: BasicImage
17/01/2016 21:20:37 (Std) 	[ImageManager] Created image: 'TaharezLook/VertSliderBody' (06ACC608) of type: BasicImage
17/01/2016 21:20:37 (Std) 	[ImageManager] Created image: 'TaharezLook/VertSliderThumbNormal' (06ACCFE0) of type: BasicImage
17/01/2016 21:20:37 (Std) 	[ImageManager] Created image: 'TaharezLook/VertSliderThumbHover' (06ACCA68) of type: BasicImage
17/01/2016 21:20:37 (Std) 	[ImageManager] Created image: 'TaharezLook/MiniHorzScrollBarSegment' (06ACD558) of type: BasicImage
17/01/2016 21:20:37 (Std) 	[ImageManager] Created image: 'TaharezLook/MiniHorzScrollThumbNormal' (06ACD0F8) of type: BasicImage
17/01/2016 21:20:37 (Std) 	[ImageManager] Created image: 'TaharezLook/MiniHorzScrollThumbLeftNormal' (06ACD210) of type: BasicImage
17/01/2016 21:20:37 (Std) 	[ImageManager] Created image: 'TaharezLook/MiniHorzScrollThumbMiddleNormal' (06ACD670) of type: BasicImage
17/01/2016 21:20:37 (Std) 	[ImageManager] Created image: 'TaharezLook/MiniHorzScrollThumbRightNormal' (06ACF100) of type: BasicImage
17/01/2016 21:20:37 (Std) 	[ImageManager] Created image: 'TaharezLook/MiniHorzScrollThumbHover' (06ACF448) of type: BasicImage
17/01/2016 21:20:37 (Std) 	[ImageManager] Created image: 'TaharezLook/MiniHorzScrollThumbLeftHover' (06ACE4F8) of type: BasicImage
17/01/2016 21:20:37 (Std) 	[ImageManager] Created image: 'TaharezLook/MiniHorzScrollThumbMiddleHover' (06ACDE68) of type: BasicImage
17/01/2016 21:20:37 (Std) 	[ImageManager] Created image: 'TaharezLook/MiniHorzScrollThumbRightHover' (06ACEB88) of type: BasicImage
17/01/2016 21:20:37 (Std) 	[ImageManager] Created image: 'TaharezLook/MiniHorzScrollLeftNormal' (06ACF790) of type: BasicImage
17/01/2016 21:20:37 (Std) 	[ImageManager] Created image: 'TaharezLook/MiniHorzScrollRightNormal' (06ACF218) of type: BasicImage
17/01/2016 21:20:37 (Std) 	[ImageManager] Created image: 'TaharezLook/MiniHorzScrollLeftHover' (06ACEA70) of type: BasicImage
17/01/2016 21:20:37 (Std) 	[ImageManager] Created image: 'TaharezLook/MiniHorzScrollRightHover' (06ACDA08) of type: BasicImage
17/01/2016 21:20:37 (Std) 	[ImageManager] Created image: 'TaharezLook/ListboxLeft' (06ACEDB8) of type: BasicImage
17/01/2016 21:20:37 (Std) 	[ImageManager] Created image: 'TaharezLook/ListboxRight' (06ACE3E0) of type: BasicImage
17/01/2016 21:20:37 (Std) 	[ImageManager] Created image: 'TaharezLook/ListboxTop' (06ACEED0) of type: BasicImage
17/01/2016 21:20:37 (Std) 	[ImageManager] Created image: 'TaharezLook/ListboxBottom' (06ACF330) of type: BasicImage
17/01/2016 21:20:37 (Std) 	[ImageManager] Created image: 'TaharezLook/ListboxTopLeft' (06ACEFE8) of type: BasicImage
17/01/2016 21:20:37 (Std) 	[ImageManager] Created image: 'TaharezLook/ListboxTopRight' (06ACE1B0) of type: BasicImage
17/01/2016 21:20:37 (Std) 	[ImageManager] Created image: 'TaharezLook/ListboxBottomLeft' (06ACDF80) of type: BasicImage
17/01/2016 21:20:37 (Std) 	[ImageManager] Created image: 'TaharezLook/ListboxBottomRight' (06ACE610) of type: BasicImage
17/01/2016 21:20:37 (Std) 	[ImageManager] Created image: 'TaharezLook/ListboxBackdrop' (06ACF560) of type: BasicImage
17/01/2016 21:20:37 (Std) 	[ImageManager] Created image: 'TaharezLook/ListboxSelectionBrush' (06ACE098) of type: BasicImage
17/01/2016 21:20:37 (Std) 	[ImageManager] Created image: 'TaharezLook/ComboboxEditLeft' (06ACF678) of type: BasicImage
17/01/2016 21:20:37 (Std) 	[ImageManager] Created image: 'TaharezLook/ComboboxEditMiddle' (06ACF8A8) of type: BasicImage
17/01/2016 21:20:37 (Std) 	[ImageManager] Created image: 'TaharezLook/ComboboxListButtonNormal' (06ACDC38) of type: BasicImage
17/01/2016 21:20:37 (Std) 	[ImageManager] Created image: 'TaharezLook/ComboboxListButtonHover' (06ACDB20) of type: BasicImage
17/01/2016 21:20:37 (Std) 	[ImageManager] Created image: 'TaharezLook/ComboboxListLeft' (06ACDD50) of type: BasicImage
17/01/2016 21:20:37 (Std) 	[ImageManager] Created image: 'TaharezLook/ComboboxListRight' (06ACE2C8) of type: BasicImage
17/01/2016 21:20:37 (Std) 	[ImageManager] Created image: 'TaharezLook/ComboboxListTop' (06ACE728) of type: BasicImage
17/01/2016 21:20:37 (Std) 	[ImageManager] Created image: 'TaharezLook/ComboboxListBottom' (06ACE840) of type: BasicImage
17/01/2016 21:20:37 (Std) 	[ImageManager] Created image: 'TaharezLook/ComboboxListTopLeft' (06ACE958) of type: BasicImage
17/01/2016 21:20:37 (Std) 	[ImageManager] Created image: 'TaharezLook/ComboboxListTopRight' (06ACECA0) of type: BasicImage
17/01/2016 21:20:37 (Std) 	[ImageManager] Created image: 'TaharezLook/ComboboxListBottomLeft' (06AD7580) of type: BasicImage
17/01/2016 21:20:37 (Std) 	[ImageManager] Created image: 'TaharezLook/ComboboxListBottomRight' (06AD5D70) of type: BasicImage
17/01/2016 21:20:37 (Std) 	[ImageManager] Created image: 'TaharezLook/ComboboxListBackdrop' (06AD6BA8) of type: BasicImage
17/01/2016 21:20:37 (Std) 	[ImageManager] Created image: 'TaharezLook/ComboboxSelectionBrush' (06AD78C8) of type: BasicImage
17/01/2016 21:20:37 (Std) 	[ImageManager] Created image: 'TaharezLook/ComboboxDividerLeft' (06AD6748) of type: BasicImage
17/01/2016 21:20:37 (Std) 	[ImageManager] Created image: 'TaharezLook/ComboboxDividerMiddle' (06AD5C58) of type: BasicImage
17/01/2016 21:20:37 (Std) 	[ImageManager] Created image: 'TaharezLook/ComboboxDividerRight' (06AD5B40) of type: BasicImage
17/01/2016 21:20:37 (Std) 	[ImageManager] Created image: 'TaharezLook/HeaderBarBackdropNormal' (06AD6860) of type: BasicImage
17/01/2016 21:20:37 (Std) 	[ImageManager] Created image: 'TaharezLook/HeaderBarBackdropHover' (06AD7698) of type: BasicImage
17/01/2016 21:20:37 (Std) 	[ImageManager] Created image: 'TaharezLook/HeaderBarSplitterNormal' (06AD5E88) of type: BasicImage
17/01/2016 21:20:37 (Std) 	[ImageManager] Created image: 'TaharezLook/HeaderBarSplitterHover' (06AD6CC0) of type: BasicImage
17/01/2016 21:20:37 (Std) 	[ImageManager] Created image: 'TaharezLook/HeaderBarSortUp' (06AD77B0) of type: BasicImage
17/01/2016 21:20:37 (Std) 	[ImageManager] Created image: 'TaharezLook/HeaderBarSortDown' (06AD5A28) of type: BasicImage
17/01/2016 21:20:37 (Std) 	[ImageManager] Created image: 'TaharezLook/MultiListLeft' (06AD5FA0) of type: BasicImage
17/01/2016 21:20:37 (Std) 	[ImageManager] Created image: 'TaharezLook/MultiListRight' (06AD6630) of type: BasicImage
17/01/2016 21:20:37 (Std) 	[ImageManager] Created image: 'TaharezLook/MultiListTop' (06AD6DD8) of type: BasicImage
17/01/2016 21:20:37 (Std) 	[ImageManager] Created image: 'TaharezLook/MultiListBottom' (06AD60B8) of type: BasicImage
17/01/2016 21:20:37 (Std) 	[ImageManager] Created image: 'TaharezLook/MultiListTopLeft' (06AD61D0) of type: BasicImage
17/01/2016 21:20:37 (Std) 	[ImageManager] Created image: 'TaharezLook/MultiListTopRight' (06AD62E8) of type: BasicImage
17/01/2016 21:20:37 (Std) 	[ImageManager] Created image: 'TaharezLook/MultiListBottomLeft' (06AD6400) of type: BasicImage
17/01/2016 21:20:37 (Std) 	[ImageManager] Created image: 'TaharezLook/MultiListBottomRight' (06AD6518) of type: BasicImage
17/01/2016 21:20:37 (Std) 	[ImageManager] Created image: 'TaharezLook/MultiListBackdrop' (06AD6EF0) of type: BasicImage
17/01/2016 21:20:37 (Std) 	[ImageManager] Created image: 'TaharezLook/MultiListSelectionBrush' (06AD6978) of type: BasicImage
17/01/2016 21:20:37 (Std) 	[ImageManager] Created image: 'TaharezLook/AltProgressLeft' (06AD7008) of type: BasicImage
17/01/2016 21:20:37 (Std) 	[ImageManager] Created image: 'TaharezLook/AltProgressMiddle' (06AD7238) of type: BasicImage
17/01/2016 21:20:37 (Std) 	[ImageManager] Created image: 'TaharezLook/AltProgressRight' (06AD6A90) of type: BasicImage
17/01/2016 21:20:37 (Std) 	[ImageManager] Created image: 'TaharezLook/AltProgressQuarter' (06AD7120) of type: BasicImage
17/01/2016 21:20:37 (Std) 	[ImageManager] Created image: 'TaharezLook/AltProgressHalf' (06AD7350) of type: BasicImage
17/01/2016 21:20:37 (Std) 	[ImageManager] Created image: 'TaharezLook/AltProgressLight1' (06AD7468) of type: BasicImage
17/01/2016 21:20:37 (Std) 	[ImageManager] Created image: 'TaharezLook/AltProgressLight2' (06ADACD0) of type: BasicImage
17/01/2016 21:20:37 (Std) 	[ImageManager] Created image: 'TaharezLook/AltProgressLight3' (06ADB478) of type: BasicImage
17/01/2016 21:20:37 (Std) 	[ImageManager] Created image: 'TaharezLook/AltProgressLight4' (06ADA0C8) of type: BasicImage
17/01/2016 21:20:37 (Std) 	[ImageManager] Created image: 'TaharezLook/AltProgressLight5' (06AD9D80) of type: BasicImage
17/01/2016 21:20:37 (Std) 	[ImageManager] Created image: 'TaharezLook/AltProgressLight6' (06ADB7C0) of type: BasicImage
17/01/2016 21:20:37 (Std) 	[ImageManager] Created image: 'TaharezLook/AltProgressLight7' (06AD9FB0) of type: BasicImage
17/01/2016 21:20:37 (Std) 	[ImageManager] Created image: 'TaharezLook/AltProgressLight8' (06ADB8D8) of type: BasicImage
17/01/2016 21:20:37 (Std) 	[ImageManager] Created image: 'TaharezLook/AltProgressLight9' (06ADA870) of type: BasicImage
17/01/2016 21:20:37 (Std) 	[ImageManager] Created image: 'TaharezLook/AltProgressLight10' (06AD9E98) of type: BasicImage
17/01/2016 21:20:37 (Std) 	[ImageManager] Created image: 'TaharezLook/CloseButtonNormal' (06ADADE8) of type: BasicImage
17/01/2016 21:20:37 (Std) 	[ImageManager] Created image: 'TaharezLook/CloseButtonHover' (06ADAF00) of type: BasicImage
17/01/2016 21:20:37 (Std) 	[ImageManager] Created image: 'TaharezLook/CloseButtonPressed' (06ADA1E0) of type: BasicImage
17/01/2016 21:20:37 (Std) 	[ImageManager] Created image: 'TaharezLook/NewCloseButtonNormal' (06ADA640) of type: BasicImage
17/01/2016 21:20:37 (Std) 	[ImageManager] Created image: 'TaharezLook/NewCloseButtonHover' (06ADB248) of type: BasicImage
17/01/2016 21:20:37 (Std) 	[ImageManager] Created image: 'TaharezLook/NewCloseButtonPressed' (06ADB590) of type: BasicImage
17/01/2016 21:20:37 (Std) 	[ImageManager] Created image: 'TaharezLook/MultiLineEditboxLeft' (06AD9B50) of type: BasicImage
17/01/2016 21:20:37 (Std) 	[ImageManager] Created image: 'TaharezLook/MultiLineEditboxRight' (06ADB6A8) of type: BasicImage
17/01/2016 21:20:37 (Std) 	[ImageManager] Created image: 'TaharezLook/MultiLineEditboxTop' (06ADB018) of type: BasicImage
17/01/2016 21:20:37 (Std) 	[ImageManager] Created image: 'TaharezLook/MultiLineEditboxBottom' (06ADB130) of type: BasicImage
17/01/2016 21:20:37 (Std) 	[ImageManager] Created image: 'TaharezLook/MultiLineEditboxTopLeft' (06ADAAA0) of type: BasicImage
17/01/2016 21:20:37 (Std) 	[ImageManager] Created image: 'TaharezLook/MultiLineEditboxTopRight' (06ADB360) of type: BasicImage
17/01/2016 21:20:37 (Std) 	[ImageManager] Created image: 'TaharezLook/MultiLineEditboxBottomLeft' (06AD9A38) of type: BasicImage
17/01/2016 21:20:37 (Std) 	[ImageManager] Created image: 'TaharezLook/MultiLineEditboxBottomRight' (06AD9C68) of type: BasicImage
17/01/2016 21:20:37 (Std) 	[ImageManager] Created image: 'TaharezLook/MultiLineEditboxBackdrop' (06ADA2F8) of type: BasicImage
17/01/2016 21:20:37 (Std) 	[ImageManager] Created image: 'TaharezLook/MultiLineEditboxSelectionBrush' (06ADA758) of type: BasicImage
17/01/2016 21:20:37 (Std) 	[ImageManager] Created image: 'TaharezLook/MouseTarget' (06ADA410) of type: BasicImage
17/01/2016 21:20:37 (Std) 	[ImageManager] Created image: 'TaharezLook/MouseArrow' (06ADA988) of type: BasicImage
17/01/2016 21:20:37 (Std) 	[ImageManager] Created image: 'TaharezLook/MouseMoveCursor' (06ADA528) of type: BasicImage
17/01/2016 21:20:37 (Std) 	[ImageManager] Created image: 'TaharezLook/MouseNoSoCursor' (06ADABB8) of type: BasicImage
17/01/2016 21:20:37 (Std) 	[ImageManager] Created image: 'TaharezLook/MouseEsWeCursor' (06ADE998) of type: BasicImage
17/01/2016 21:20:37 (Std) 	[ImageManager] Created image: 'TaharezLook/MouseNeSwCursor' (06ADDA48) of type: BasicImage
17/01/2016 21:20:37 (Std) 	[ImageManager] Created image: 'TaharezLook/MouseNwSeCursor' (06ADF6B8) of type: BasicImage
17/01/2016 21:20:37 (Std) 	[ImageManager] Created image: 'TaharezLook/MouseTextBar' (06ADE538) of type: BasicImage
17/01/2016 21:20:37 (Std) 	[ImageManager] Created image: 'TaharezLook/TabHorizontalFiller' (06ADE880) of type: BasicImage
17/01/2016 21:20:37 (Std) 	[ImageManager] Created image: 'TaharezLook/TabContentPaneUpperLeft' (06ADE650) of type: BasicImage
17/01/2016 21:20:37 (Std) 	[ImageManager] Created image: 'TaharezLook/TabContentPaneUpper' (06ADDB60) of type: BasicImage
17/01/2016 21:20:37 (Std) 	[ImageManager] Created image: 'TaharezLook/TabContentPaneUpperRight' (06ADF8E8) of type: BasicImage
17/01/2016 21:20:37 (Std) 	[ImageManager] Created image: 'TaharezLook/TabContentPaneLeft' (06ADF028) of type: BasicImage
17/01/2016 21:20:37 (Std) 	[ImageManager] Created image: 'TaharezLook/TabContentPaneRight' (06ADE768) of type: BasicImage
17/01/2016 21:20:37 (Std) 	[ImageManager] Created image: 'TaharezLook/TabContentPaneLower' (06ADECE0) of type: BasicImage
17/01/2016 21:20:37 (Std) 	[ImageManager] Created image: 'TaharezLook/TabContentPaneLowerLeft' (06ADEAB0) of type: BasicImage
17/01/2016 21:20:37 (Std) 	[ImageManager] Created image: 'TaharezLook/TabContentPaneLowerRight' (06ADDD90) of type: BasicImage
17/01/2016 21:20:37 (Std) 	[ImageManager] Created image: 'TaharezLook/TabContentPaneMiddle' (06ADEBC8) of type: BasicImage
17/01/2016 21:20:37 (Std) 	[ImageManager] Created image: 'TaharezLook/TabButtonScrollLeftNormal' (06ADDEA8) of type: BasicImage
17/01/2016 21:20:37 (Std) 	[ImageManager] Created image: 'TaharezLook/TabButtonScrollRightNormal' (06ADEF10) of type: BasicImage
17/01/2016 21:20:37 (Std) 	[ImageManager] Created image: 'TaharezLook/TabButtonScrollLeftHover' (06ADEDF8) of type: BasicImage
17/01/2016 21:20:37 (Std) 	[ImageManager] Created image: 'TaharezLook/TabButtonScrollRightHover' (06ADDC78) of type: BasicImage
17/01/2016 21:20:37 (Std) 	[ImageManager] Created image: 'TaharezLook/TabButtonLeftNormal' (06ADF140) of type: BasicImage
17/01/2016 21:20:37 (Std) 	[ImageManager] Created image: 'TaharezLook/TabButtonRightNormal' (06ADDFC0) of type: BasicImage
17/01/2016 21:20:37 (Std) 	[ImageManager] Created image: 'TaharezLook/TabButtonUpperNormal' (06ADE308) of type: BasicImage
17/01/2016 21:20:37 (Std) 	[ImageManager] Created image: 'TaharezLook/TabButtonLowerNormal' (06ADF258) of type: BasicImage
17/01/2016 21:20:37 (Std) 	[ImageManager] Created image: 'TaharezLook/TabButtonUpperLeftNormal' (06ADF370) of type: BasicImage
17/01/2016 21:20:37 (Std) 	[ImageManager] Created image: 'TaharezLook/TabButtonUpperLeft2Normal' (06ADE0D8) of type: BasicImage
17/01/2016 21:20:37 (Std) 	[ImageManager] Created image: 'TaharezLook/TabButtonUpperRightNormal' (06ADF488) of type: BasicImage
17/01/2016 21:20:37 (Std) 	[ImageManager] Created image: 'TaharezLook/TabButtonLowerLeftNormal' (06ADF5A0) of type: BasicImage
17/01/2016 21:20:37 (Std) 	[ImageManager] Created image: 'TaharezLook/TabButtonLowerRightNormal' (06ADE1F0) of type: BasicImage
17/01/2016 21:20:37 (Std) 	[ImageManager] Created image: 'TaharezLook/TabButtonLowerRight2Normal' (06ADF7D0) of type: BasicImage
17/01/2016 21:20:37 (Std) 	[ImageManager] Created image: 'TaharezLook/TabButtonMiddleNormal' (06ADE420) of type: BasicImage
17/01/2016 21:20:37 (Std) 	[ImageManager] Created image: 'TaharezLook/TabButtonLeftSelected' (06AE0BD0) of type: BasicImage
17/01/2016 21:20:37 (Std) 	[ImageManager] Created image: 'TaharezLook/TabButtonRightSelected' (06ADFA50) of type: BasicImage
17/01/2016 21:20:37 (Std) 	[ImageManager] Created image: 'TaharezLook/TabButtonUpperSelected' (06ADFD98) of type: BasicImage
17/01/2016 21:20:37 (Std) 	[ImageManager] Created image: 'TaharezLook/TabButtonLowerSelected' (06AE00E0) of type: BasicImage
17/01/2016 21:20:37 (Std) 	[ImageManager] Created image: 'TaharezLook/TabButtonUpperLeftSelected' (06AE1030) of type: BasicImage
17/01/2016 21:20:37 (Std) 	[ImageManager] Created image: 'TaharezLook/TabButtonUpperRightSelected' (06AE0CE8) of type: BasicImage
17/01/2016 21:20:37 (Std) 	[ImageManager] Created image: 'TaharezLook/TabButtonLowerLeftSelected' (06AE0E00) of type: BasicImage
17/01/2016 21:20:37 (Std) 	[ImageManager] Created image: 'TaharezLook/TabButtonLowerRightSelected' (06AE1490) of type: BasicImage
17/01/2016 21:20:37 (Std) 	[ImageManager] Created image: 'TaharezLook/TabButtonMiddleSelected' (06ADFB68) of type: BasicImage
17/01/2016 21:20:37 (Std) 	[ImageManager] Created image: 'TaharezLook/TooltipTopLeft' (06ADFFC8) of type: BasicImage
17/01/2016 21:20:37 (Std) 	[ImageManager] Created image: 'TaharezLook/TooltipTopRight' (06AE15A8) of type: BasicImage
17/01/2016 21:20:37 (Std) 	[ImageManager] Created image: 'TaharezLook/TooltipBottomLeft' (06AE0428) of type: BasicImage
17/01/2016 21:20:37 (Std) 	[ImageManager] Created image: 'TaharezLook/TooltipBottomRight' (06AE0540) of type: BasicImage
17/01/2016 21:20:37 (Std) 	[ImageManager] Created image: 'TaharezLook/TooltipLeftEdge' (06AE1378) of type: BasicImage
17/01/2016 21:20:37 (Std) 	[ImageManager] Created image: 'TaharezLook/TooltipRightEdge' (06AE0310) of type: BasicImage
17/01/2016 21:20:37 (Std) 	[ImageManager] Created image: 'TaharezLook/TooltipTopEdge' (06ADFEB0) of type: BasicImage
17/01/2016 21:20:37 (Std) 	[ImageManager] Created image: 'TaharezLook/TooltipBottomEdge' (06AE0658) of type: BasicImage
17/01/2016 21:20:37 (Std) 	[ImageManager] Created image: 'TaharezLook/TooltipMiddle' (06AE0770) of type: BasicImage
17/01/2016 21:20:37 (Std) 	[ImageManager] Created image: 'TaharezLook/MenuTopLeft' (06AE0888) of type: BasicImage
17/01/2016 21:20:37 (Std) 	[ImageManager] Created image: 'TaharezLook/MenuTopRight' (06AE09A0) of type: BasicImage
17/01/2016 21:20:37 (Std) 	[ImageManager] Created image: 'TaharezLook/MenuBottomLeft' (06AE16C0) of type: BasicImage
17/01/2016 21:20:37 (Std) 	[ImageManager] Created image: 'TaharezLook/MenuBottomRight' (06AE0AB8) of type: BasicImage
17/01/2016 21:20:37 (Std) 	[ImageManager] Created image: 'TaharezLook/MenuLeft' (06AE0F18) of type: BasicImage
17/01/2016 21:20:37 (Std) 	[ImageManager] Created image: 'TaharezLook/MenuRight' (06AE1148) of type: BasicImage
17/01/2016 21:20:37 (Std) 	[ImageManager] Created image: 'TaharezLook/MenuTop' (06AE1260) of type: BasicImage
17/01/2016 21:20:37 (Std) 	[ImageManager] Created image: 'TaharezLook/MenuBottom' (06AE17D8) of type: BasicImage
17/01/2016 21:20:37 (Std) 	[ImageManager] Created image: 'TaharezLook/MenuMiddle' (06AE18F0) of type: BasicImage
17/01/2016 21:20:37 (Std) 	[ImageManager] Created image: 'TaharezLook/PopupMenuFrameTopLeft' (06ADFC80) of type: BasicImage
17/01/2016 21:20:37 (Std) 	[ImageManager] Created image: 'TaharezLook/PopupMenuFrameTopRight' (06AE01F8) of type: BasicImage
17/01/2016 21:20:37 (Std) 	[ImageManager] Created image: 'TaharezLook/PopupMenuFrameBottomLeft' (06AE4F28) of type: BasicImage
17/01/2016 21:20:37 (Std) 	[ImageManager] Created image: 'TaharezLook/PopupMenuFrameBottomRight' (06AE5900) of type: BasicImage
17/01/2016 21:20:37 (Std) 	[ImageManager] Created image: 'TaharezLook/PopupMenuFrameLeft' (06AE5158) of type: BasicImage
17/01/2016 21:20:37 (Std) 	[ImageManager] Created image: 'TaharezLook/PopupMenuFrameRight' (06AE54A0) of type: BasicImage
17/01/2016 21:20:37 (Std) 	[ImageManager] Created image: 'TaharezLook/PopupMenuFrameTop' (06AE4208) of type: BasicImage
17/01/2016 21:20:37 (Std) 	[ImageManager] Created image: 'TaharezLook/PopupMenuFrameBottom' (06AE4AC8) of type: BasicImage
17/01/2016 21:20:37 (Std) 	[ImageManager] Created image: 'TaharezLook/PopupMenuMiddle' (06AE4780) of type: BasicImage
17/01/2016 21:20:37 (Std) 	[ImageManager] Created image: 'TaharezLook/PopupMenuArrowRight' (06AE3A60) of type: BasicImage
17/01/2016 21:20:37 (Std) 	[ImageManager] Created image: 'TaharezLook/PopupMenuArrowLeft' (06AE3B78) of type: BasicImage
17/01/2016 21:20:37 (Std) 	[ImageManager] Created image: 'TaharezLook/TreeListClosed' (06AE4898) of type: BasicImage
17/01/2016 21:20:37 (Std) 	[ImageManager] Created image: 'TaharezLook/TreeListOpened' (06AE49B0) of type: BasicImage
17/01/2016 21:20:37 (Std) 	===== Falagard 'root' element: look and feel parsing begins =====
17/01/2016 21:20:37 (Std) 	===== Look and feel parsing completed =====
17/01/2016 21:20:37 (Std) 	No window renderer factories specified for module 'CEGUICoreWindowRendererSet' - adding all available factories...
17/01/2016 21:20:37 (Std) 	Created WindowRendererFactory for 'Core/Button' WindowRenderers.
17/01/2016 21:20:37 (Std) 	WindowRendererFactory 'Core/Button' added. (06A9FAC0)
17/01/2016 21:20:37 (Std) 	Created WindowRendererFactory for 'Core/Default' WindowRenderers.
17/01/2016 21:20:37 (Std) 	WindowRendererFactory 'Core/Default' added. (06A9F9F8)
17/01/2016 21:20:37 (Std) 	Created WindowRendererFactory for 'Core/Editbox' WindowRenderers.
17/01/2016 21:20:37 (Std) 	WindowRendererFactory 'Core/Editbox' added. (06B55200)
17/01/2016 21:20:37 (Std) 	Created WindowRendererFactory for 'Core/FrameWindow' WindowRenderers.
17/01/2016 21:20:37 (Std) 	WindowRendererFactory 'Core/FrameWindow' added. (06B55138)
17/01/2016 21:20:37 (Std) 	Created WindowRendererFactory for 'Core/ItemEntry' WindowRenderers.
17/01/2016 21:20:37 (Std) 	WindowRendererFactory 'Core/ItemEntry' added. (06B556B0)
17/01/2016 21:20:37 (Std) 	Created WindowRendererFactory for 'Core/ListHeader' WindowRenderers.
17/01/2016 21:20:37 (Std) 	WindowRendererFactory 'Core/ListHeader' added. (06B54BC0)
17/01/2016 21:20:37 (Std) 	Created WindowRendererFactory for 'Core/ListHeaderSegment' WindowRenderers.
17/01/2016 21:20:37 (Std) 	WindowRendererFactory 'Core/ListHeaderSegment' added. (06B552C8)
17/01/2016 21:20:37 (Std) 	Created WindowRendererFactory for 'Core/Listbox' WindowRenderers.
17/01/2016 21:20:37 (Std) 	WindowRendererFactory 'Core/Listbox' added. (06B54C88)
17/01/2016 21:20:37 (Std) 	Created WindowRendererFactory for 'Core/Menubar' WindowRenderers.
17/01/2016 21:20:37 (Std) 	WindowRendererFactory 'Core/Menubar' added. (06B54D50)
17/01/2016 21:20:37 (Std) 	Created WindowRendererFactory for 'Core/MenuItem' WindowRenderers.
17/01/2016 21:20:37 (Std) 	WindowRendererFactory 'Core/MenuItem' added. (06B54198)
17/01/2016 21:20:37 (Std) 	Created WindowRendererFactory for 'Core/MultiColumnList' WindowRenderers.
17/01/2016 21:20:37 (Std) 	WindowRendererFactory 'Core/MultiColumnList' added. (06B54580)
17/01/2016 21:20:37 (Std) 	Created WindowRendererFactory for 'Core/MultiLineEditbox' WindowRenderers.
17/01/2016 21:20:37 (Std) 	WindowRendererFactory 'Core/MultiLineEditbox' added. (06B55390)
17/01/2016 21:20:37 (Std) 	Created WindowRendererFactory for 'Core/PopupMenu' WindowRenderers.
17/01/2016 21:20:37 (Std) 	WindowRendererFactory 'Core/PopupMenu' added. (06B54E18)
17/01/2016 21:20:37 (Std) 	Created WindowRendererFactory for 'Core/ProgressBar' WindowRenderers.
17/01/2016 21:20:37 (Std) 	WindowRendererFactory 'Core/ProgressBar' added. (06B54260)
17/01/2016 21:20:37 (Std) 	Created WindowRendererFactory for 'Core/ScrollablePane' WindowRenderers.
17/01/2016 21:20:37 (Std) 	WindowRendererFactory 'Core/ScrollablePane' added. (06B54EE0)
17/01/2016 21:20:37 (Std) 	Created WindowRendererFactory for 'Core/Scrollbar' WindowRenderers.
17/01/2016 21:20:37 (Std) 	WindowRendererFactory 'Core/Scrollbar' added. (06B54648)
17/01/2016 21:20:37 (Std) 	Created WindowRendererFactory for 'Core/Slider' WindowRenderers.
17/01/2016 21:20:37 (Std) 	WindowRendererFactory 'Core/Slider' added. (06B540D0)
17/01/2016 21:20:37 (Std) 	Created WindowRendererFactory for 'Core/Static' WindowRenderers.
17/01/2016 21:20:37 (Std) 	WindowRendererFactory 'Core/Static' added. (06B54710)
17/01/2016 21:20:37 (Std) 	Created WindowRendererFactory for 'Core/StaticImage' WindowRenderers.
17/01/2016 21:20:37 (Std) 	WindowRendererFactory 'Core/StaticImage' added. (06B543F0)
17/01/2016 21:20:37 (Std) 	Created WindowRendererFactory for 'Core/StaticText' WindowRenderers.
17/01/2016 21:20:37 (Std) 	WindowRendererFactory 'Core/StaticText' added. (06B54AF8)
17/01/2016 21:20:37 (Std) 	Created WindowRendererFactory for 'Core/TabButton' WindowRenderers.
17/01/2016 21:20:37 (Std) 	WindowRendererFactory 'Core/TabButton' added. (06B547D8)
17/01/2016 21:20:37 (Std) 	Created WindowRendererFactory for 'Core/TabControl' WindowRenderers.
17/01/2016 21:20:37 (Std) 	WindowRendererFactory 'Core/TabControl' added. (06B544B8)
17/01/2016 21:20:37 (Std) 	Created WindowRendererFactory for 'Core/Titlebar' WindowRenderers.
17/01/2016 21:20:37 (Std) 	WindowRendererFactory 'Core/Titlebar' added. (06B54328)
17/01/2016 21:20:37 (Std) 	Created WindowRendererFactory for 'Core/ToggleButton' WindowRenderers.
17/01/2016 21:20:37 (Std) 	WindowRendererFactory 'Core/ToggleButton' added. (06B548A0)
17/01/2016 21:20:37 (Std) 	Created WindowRendererFactory for 'Core/Tooltip' WindowRenderers.
17/01/2016 21:20:37 (Std) 	WindowRendererFactory 'Core/Tooltip' added. (06B54968)
17/01/2016 21:20:37 (Std) 	Created WindowRendererFactory for 'Core/ItemListbox' WindowRenderers.
17/01/2016 21:20:37 (Std) 	WindowRendererFactory 'Core/ItemListbox' added. (06B54A30)
17/01/2016 21:20:37 (Std) 	Created WindowRendererFactory for 'Core/Tree' WindowRenderers.
17/01/2016 21:20:37 (Std) 	WindowRendererFactory 'Core/Tree' added. (06B54FA8)
17/01/2016 21:20:37 (Std) 	Creating falagard mapping for type 'TaharezLook/Label' using base type 'DefaultWindow', window renderer 'Core/Default' Look'N'Feel 'TaharezLook/Label' and RenderEffect ''. (0057C154)
17/01/2016 21:20:37 (Std) 	Creating falagard mapping for type 'TaharezLook/Button' using base type 'CEGUI/PushButton', window renderer 'Core/Button' Look'N'Feel 'TaharezLook/Button' and RenderEffect ''. (0057C154)
17/01/2016 21:20:37 (Std) 	Creating falagard mapping for type 'TaharezLook/Checkbox' using base type 'CEGUI/ToggleButton', window renderer 'Core/ToggleButton' Look'N'Feel 'TaharezLook/Checkbox' and RenderEffect ''. (0057C154)
17/01/2016 21:20:37 (Std) 	Creating falagard mapping for type 'TaharezLook/ImageButton' using base type 'CEGUI/PushButton', window renderer 'Core/Button' Look'N'Feel 'TaharezLook/ImageButton' and RenderEffect ''. (0057C154)
17/01/2016 21:20:37 (Std) 	Creating falagard mapping for type 'TaharezLook/RadioButton' using base type 'CEGUI/RadioButton', window renderer 'Core/ToggleButton' Look'N'Feel 'TaharezLook/RadioButton' and RenderEffect ''. (0057C154)
17/01/2016 21:20:37 (Std) 	Creating falagard mapping for type 'TaharezLook/FrameWindow' using base type 'CEGUI/FrameWindow', window renderer 'Core/FrameWindow' Look'N'Feel 'TaharezLook/FrameWindow' and RenderEffect ''. (0057C154)
17/01/2016 21:20:37 (Std) 	Creating falagard mapping for type 'TaharezLook/Titlebar' using base type 'CEGUI/Titlebar', window renderer 'Core/Titlebar' Look'N'Feel 'TaharezLook/Titlebar' and RenderEffect ''. (0057C154)
17/01/2016 21:20:37 (Std) 	Creating falagard mapping for type 'TaharezLook/Editbox' using base type 'CEGUI/Editbox', window renderer 'Core/Editbox' Look'N'Feel 'TaharezLook/Editbox' and RenderEffect ''. (0057C154)
17/01/2016 21:20:37 (Std) 	Creating falagard mapping for type 'TaharezLook/MultiLineEditbox' using base type 'CEGUI/MultiLineEditbox', window renderer 'Core/MultiLineEditbox' Look'N'Feel 'TaharezLook/MultiLineEditbox' and RenderEffect ''. (0057C154)
17/01/2016 21:20:37 (Std) 	Creating falagard mapping for type 'TaharezLook/Menubar' using base type 'CEGUI/Menubar', window renderer 'Core/Menubar' Look'N'Feel 'TaharezLook/Menubar' and RenderEffect ''. (0057C154)
17/01/2016 21:20:37 (Std) 	Creating falagard mapping for type 'TaharezLook/PopupMenu' using base type 'CEGUI/PopupMenu', window renderer 'Core/PopupMenu' Look'N'Feel 'TaharezLook/PopupMenu' and RenderEffect ''. (0057C154)
17/01/2016 21:20:37 (Std) 	Creating falagard mapping for type 'TaharezLook/MenuItem' using base type 'CEGUI/MenuItem', window renderer 'Core/MenuItem' Look'N'Feel 'TaharezLook/MenuItem' and RenderEffect ''. (0057C154)
17/01/2016 21:20:37 (Std) 	Creating falagard mapping for type 'TaharezLook/AlternateProgressBar' using base type 'CEGUI/ProgressBar', window renderer 'Core/ProgressBar' Look'N'Feel 'TaharezLook/AltProgressBar' and RenderEffect ''. (0057C154)
17/01/2016 21:20:37 (Std) 	Creating falagard mapping for type 'TaharezLook/ProgressBar' using base type 'CEGUI/ProgressBar', window renderer 'Core/ProgressBar' Look'N'Feel 'TaharezLook/ProgressBar' and RenderEffect ''. (0057C154)
17/01/2016 21:20:37 (Std) 	Creating falagard mapping for type 'TaharezLook/VUMeter' using base type 'CEGUI/ProgressBar', window renderer 'Core/ProgressBar' Look'N'Feel 'TaharezLook/VUMeter' and RenderEffect ''. (0057C154)
17/01/2016 21:20:37 (Std) 	Creating falagard mapping for type 'TaharezLook/VerticalScrollbar' using base type 'CEGUI/Scrollbar', window renderer 'Core/Scrollbar' Look'N'Feel 'TaharezLook/VerticalScrollbar' and RenderEffect ''. (0057C154)
17/01/2016 21:20:37 (Std) 	Creating falagard mapping for type 'TaharezLook/HorizontalScrollbar' using base type 'CEGUI/Scrollbar', window renderer 'Core/Scrollbar' Look'N'Feel 'TaharezLook/HorizontalScrollbar' and RenderEffect ''. (0057C154)
17/01/2016 21:20:37 (Std) 	Creating falagard mapping for type 'TaharezLook/VerticalScrollbarThumb' using base type 'CEGUI/Thumb', window renderer 'Core/Button' Look'N'Feel 'TaharezLook/VerticalScrollbarThumb' and RenderEffect ''. (0057C154)
17/01/2016 21:20:37 (Std) 	Creating falagard mapping for type 'TaharezLook/HorizontalScrollbarThumb' using base type 'CEGUI/Thumb', window renderer 'Core/Button' Look'N'Feel 'TaharezLook/HorizontalScrollbarThumb' and RenderEffect ''. (0057C154)
17/01/2016 21:20:37 (Std) 	Creating falagard mapping for type 'TaharezLook/LargeVerticalScrollbar' using base type 'CEGUI/Scrollbar', window renderer 'Core/Scrollbar' Look'N'Feel 'TaharezLook/LargeVerticalScrollbar' and RenderEffect ''. (0057C154)
17/01/2016 21:20:37 (Std) 	Creating falagard mapping for type 'TaharezLook/LargeVerticalScrollbarThumb' using base type 'CEGUI/Thumb', window renderer 'Core/Button' Look'N'Feel 'TaharezLook/LargeVerticalScrollbarThumb' and RenderEffect ''. (0057C154)
17/01/2016 21:20:37 (Std) 	Creating falagard mapping for type 'TaharezLook/TabButton' using base type 'CEGUI/TabButton', window renderer 'Core/TabButton' Look'N'Feel 'TaharezLook/TabButton' and RenderEffect ''. (0057C154)
17/01/2016 21:20:37 (Std) 	Creating falagard mapping for type 'TaharezLook/TabControl' using base type 'CEGUI/TabControl', window renderer 'Core/TabControl' Look'N'Feel 'TaharezLook/TabControl' and RenderEffect ''. (0057C154)
17/01/2016 21:20:37 (Std) 	Creating falagard mapping for type 'TaharezLook/TabContentPane' using base type 'DefaultWindow', window renderer 'Core/Default' Look'N'Feel 'TaharezLook/TabContentPane' and RenderEffect ''. (0057C154)
17/01/2016 21:20:37 (Std) 	Creating falagard mapping for type 'TaharezLook/TabButtonPane' using base type 'DefaultWindow', window renderer 'Core/Default' Look'N'Feel 'TaharezLook/TabButtonPane' and RenderEffect ''. (0057C154)
17/01/2016 21:20:37 (Std) 	Creating falagard mapping for type 'TaharezLook/ComboDropList' using base type 'CEGUI/ComboDropList', window renderer 'Core/Listbox' Look'N'Feel 'TaharezLook/ComboDropList' and RenderEffect ''. (0057C154)
17/01/2016 21:20:37 (Std) 	Creating falagard mapping for type 'TaharezLook/ComboEditbox' using base type 'CEGUI/Editbox', window renderer 'Core/Editbox' Look'N'Feel 'TaharezLook/ComboEditbox' and RenderEffect ''. (0057C154)
17/01/2016 21:20:37 (Std) 	Creating falagard mapping for type 'TaharezLook/Combobox' using base type 'CEGUI/Combobox', window renderer 'Core/Default' Look'N'Feel 'TaharezLook/Combobox' and RenderEffect ''. (0057C154)
17/01/2016 21:20:37 (Std) 	Creating falagard mapping for type 'TaharezLook/Listbox' using base type 'CEGUI/Listbox', window renderer 'Core/Listbox' Look'N'Feel 'TaharezLook/Listbox' and RenderEffect ''. (0057C154)
17/01/2016 21:20:37 (Std) 	Creating falagard mapping for type 'TaharezLook/ListHeader' using base type 'CEGUI/ListHeader', window renderer 'Core/ListHeader' Look'N'Feel 'TaharezLook/ListHeader' and RenderEffect ''. (0057C154)
17/01/2016 21:20:37 (Std) 	Creating falagard mapping for type 'TaharezLook/ListHeaderSegment' using base type 'CEGUI/ListHeaderSegment', window renderer 'Core/ListHeaderSegment' Look'N'Feel 'TaharezLook/ListHeaderSegment' and RenderEffect ''. (0057C154)
17/01/2016 21:20:37 (Std) 	Creating falagard mapping for type 'TaharezLook/MultiColumnList' using base type 'CEGUI/MultiColumnList', window renderer 'Core/MultiColumnList' Look'N'Feel 'TaharezLook/MultiColumnList' and RenderEffect ''. (0057C154)
17/01/2016 21:20:37 (Std) 	Creating falagard mapping for type 'TaharezLook/Slider' using base type 'CEGUI/Slider', window renderer 'Core/Slider' Look'N'Feel 'TaharezLook/Slider' and RenderEffect ''. (0057C154)
17/01/2016 21:20:37 (Std) 	Creating falagard mapping for type 'TaharezLook/SliderThumb' using base type 'CEGUI/Thumb', window renderer 'Core/Button' Look'N'Feel 'TaharezLook/SliderThumb' and RenderEffect ''. (0057C154)
17/01/2016 21:20:37 (Std) 	Creating falagard mapping for type 'TaharezLook/ScrollablePane' using base type 'CEGUI/ScrollablePane', window renderer 'Core/ScrollablePane' Look'N'Feel 'TaharezLook/ScrollablePane' and RenderEffect ''. (0057C154)
17/01/2016 21:20:37 (Std) 	Creating falagard mapping for type 'TaharezLook/Spinner' using base type 'CEGUI/Spinner', window renderer 'Core/Default' Look'N'Feel 'TaharezLook/Spinner' and RenderEffect ''. (0057C154)
17/01/2016 21:20:37 (Std) 	Creating falagard mapping for type 'TaharezLook/Tooltip' using base type 'CEGUI/Tooltip', window renderer 'Core/Tooltip' Look'N'Feel 'TaharezLook/Tooltip' and RenderEffect ''. (0057C154)
17/01/2016 21:20:37 (Std) 	Creating falagard mapping for type 'TaharezLook/StaticImage' using base type 'DefaultWindow', window renderer 'Core/StaticImage' Look'N'Feel 'TaharezLook/StaticImage' and RenderEffect ''. (0057C154)
17/01/2016 21:20:37 (Std) 	Creating falagard mapping for type 'TaharezLook/StaticText' using base type 'DefaultWindow', window renderer 'Core/StaticText' Look'N'Feel 'TaharezLook/StaticText' and RenderEffect ''. (0057C154)
17/01/2016 21:20:37 (Std) 	Creating falagard mapping for type 'TaharezLook/ItemListbox' using base type 'CEGUI/ItemListbox', window renderer 'Core/ItemListbox' Look'N'Feel 'TaharezLook/ItemListbox' and RenderEffect ''. (0057C154)
17/01/2016 21:20:37 (Std) 	Creating falagard mapping for type 'TaharezLook/ListboxItem' using base type 'CEGUI/ItemEntry', window renderer 'Core/ItemEntry' Look'N'Feel 'TaharezLook/ListboxItem' and RenderEffect ''. (0057C154)
17/01/2016 21:20:37 (Std) 	Creating falagard mapping for type 'TaharezLook/GroupBox' using base type 'DefaultWindow', window renderer 'Core/Default' Look'N'Feel 'TaharezLook/GroupBox' and RenderEffect ''. (0057C154)
17/01/2016 21:20:37 (Std) 	Creating falagard mapping for type 'TaharezLook/Tree' using base type 'CEGUI/Tree', window renderer 'Core/Tree' Look'N'Feel 'TaharezLook/Tree' and RenderEffect ''. (0057C154)
17/01/2016 21:20:37 (Std) 	[OpenGLRenderer] Created texture: DejaVuSans-12_auto_glyph_images_32
